Base path: C:/Program Files/Unity/Editor/Data
Pipe name: \\.\pipe\UnityShaderCompiler-64bit-1-7200
Cmd: getPlatforms
Cmd: compileSnippet
  api=4 type=0 insize=5061 outsize=4020 kw=POINT pd= ok=1
Cmd: compileSnippet
  api=4 type=1 insize=5061 outsize=3646 kw=POINT pd= ok=1
Cmd: compileSnippet
  api=4 type=0 insize=977 outsize=4703 kw=DIRECTIONAL SHADOWS_OFF LIGHTMAP_OFF DIRLIGHTMAP_OFF DYNAMICLIGHTMAP_OFF _NORMALMAP _SPECGLOSSMAP pd= ok=1
Cmd: compileSnippet
  api=4 type=1 insize=977 outsize=11284 kw=DIRECTIONAL SHADOWS_OFF LIGHTMAP_OFF DIRLIGHTMAP_OFF DYNAMICLIGHTMAP_OFF _NORMALMAP _SPECGLOSSMAP pd= ok=1
Cmd: compileSnippet
  api=4 type=0 insize=934 outsize=4101 kw=DIRECTIONAL SHADOWS_OFF _NORMALMAP _SPECGLOSSMAP pd= ok=1
Cmd: compileSnippet
  api=4 type=1 insize=934 outsize=6157 kw=DIRECTIONAL SHADOWS_OFF _NORMALMAP _SPECGLOSSMAP pd= ok=1
Cmd: compileSnippet
  api=4 type=0 insize=934 outsize=4792 kw=POINT SHADOWS_OFF _NORMALMAP _SPECGLOSSMAP pd= ok=1
Cmd: compileSnippet
  api=4 type=1 insize=934 outsize=6604 kw=POINT SHADOWS_OFF _NORMALMAP _SPECGLOSSMAP pd= ok=1
Cmd: compileSnippet
  api=4 type=0 insize=977 outsize=4443 kw=DIRECTIONAL SHADOWS_OFF LIGHTMAP_ON DIRLIGHTMAP_SEPARATE DYNAMICLIGHTMAP_ON _NORMALMAP _SPECGLOSSMAP pd= ok=1
Cmd: compileSnippet
  api=4 type=1 insize=977 outsize=17483 kw=DIRECTIONAL SHADOWS_OFF LIGHTMAP_ON DIRLIGHTMAP_SEPARATE DYNAMICLIGHTMAP_ON _NORMALMAP _SPECGLOSSMAP pd= ok=1
Cmd: compileSnippet
  api=4 type=0 insize=934 outsize=5206 kw=SPOT SHADOWS_DEPTH SHADOWS_SOFT SHADOWS_NATIVE _NORMALMAP _SPECGLOSSMAP pd= ok=1
Cmd: compileSnippet
  api=4 type=1 insize=934 outsize=8286 kw=SPOT SHADOWS_DEPTH SHADOWS_SOFT SHADOWS_NATIVE _NORMALMAP _SPECGLOSSMAP pd= ok=1
Cmd: compileSnippet
  api=4 type=0 insize=541 outsize=1420 kw=SHADOWS_CUBE pd= ok=1
Cmd: compileSnippet
  api=4 type=1 insize=541 outsize=697 kw=SHADOWS_CUBE pd= ok=1
Cmd: compileSnippet
  api=4 type=0 insize=4214 outsize=4662 kw= pd= ok=1
Cmd: compileSnippet
  api=4 type=1 insize=4214 outsize=1412 kw= pd= ok=1
Cmd: compileSnippet
  api=4 type=0 insize=7666 outsize=6198 kw=DIRECTIONAL SHADOWS_OFF LIGHTMAP_OFF DIRLIGHTMAP_OFF DYNAMICLIGHTMAP_OFF VERTEXLIGHT_ON pd= ok=1
Cmd: compileSnippet
  api=4 type=0 insize=3695 outsize=2753 kw=POINT pd= ok=1
Cmd: compileSnippet
  api=4 type=1 insize=3695 outsize=1948 kw=POINT pd= ok=1
Cmd: compileSnippet
  api=4 type=0 insize=3093 outsize=2484 kw= pd= ok=1
Cmd: compileSnippet
  api=4 type=1 insize=3093 outsize=1314 kw= pd= ok=1
Cmd: compileSnippet
  api=4 type=0 insize=977 outsize=3979 kw=DIRECTIONAL SHADOWS_OFF LIGHTMAP_OFF DIRLIGHTMAP_OFF DYNAMICLIGHTMAP_OFF _EMISSION pd= ok=1
Cmd: compileSnippet
  api=4 type=1 insize=977 outsize=10715 kw=DIRECTIONAL SHADOWS_OFF LIGHTMAP_OFF DIRLIGHTMAP_OFF DYNAMICLIGHTMAP_OFF _EMISSION pd= ok=1
Cmd: compileSnippet
  api=4 type=0 insize=934 outsize=4792 kw=POINT SHADOWS_OFF pd= ok=1
Cmd: compileSnippet
  api=4 type=1 insize=934 outsize=5889 kw=POINT SHADOWS_OFF pd= ok=1
Cmd: compileSnippet
  api=4 type=0 insize=977 outsize=4443 kw=DIRECTIONAL SHADOWS_OFF LIGHTMAP_ON DIRLIGHTMAP_SEPARATE DYNAMICLIGHTMAP_ON _EMISSION pd= ok=1
Cmd: compileSnippet
  api=4 type=1 insize=977 outsize=16947 kw=DIRECTIONAL SHADOWS_OFF LIGHTMAP_ON DIRLIGHTMAP_SEPARATE DYNAMICLIGHTMAP_ON _EMISSION pd= ok=1
Cmd: compileSnippet
  api=4 type=0 insize=526 outsize=2224 kw=_EMISSION pd= ok=1
Cmd: compileSnippet
  api=4 type=1 insize=526 outsize=2761 kw=_EMISSION pd= ok=1
Cmd: compileSnippet
  api=4 type=0 insize=977 outsize=4418 kw=DIRECTIONAL SHADOWS_OFF LIGHTMAP_OFF DIRLIGHTMAP_SEPARATE DYNAMICLIGHTMAP_ON _EMISSION VERTEXLIGHT_ON pd= ok=1
Cmd: compileSnippet
  api=4 type=1 insize=977 outsize=13323 kw=DIRECTIONAL SHADOWS_OFF LIGHTMAP_OFF DIRLIGHTMAP_SEPARATE DYNAMICLIGHTMAP_ON _EMISSION pd= ok=1
Cmd: compileSnippet
  api=4 type=0 insize=934 outsize=5206 kw=SPOT SHADOWS_DEPTH SHADOWS_SOFT SHADOWS_NATIVE pd= ok=1
Cmd: compileSnippet
  api=4 type=1 insize=934 outsize=7587 kw=SPOT SHADOWS_DEPTH SHADOWS_SOFT SHADOWS_NATIVE pd= ok=1
Cmd: compileSnippet
  api=4 type=0 insize=977 outsize=4418 kw=DIRECTIONAL SHADOWS_OFF LIGHTMAP_OFF DIRLIGHTMAP_SEPARATE DYNAMICLIGHTMAP_ON _EMISSION pd= ok=1
Cmd: compileSnippet
  api=4 type=0 insize=977 outsize=5393 kw=DIRECTIONAL SHADOWS_OFF LIGHTMAP_OFF DIRLIGHTMAP_OFF DYNAMICLIGHTMAP_OFF _EMISSION VERTEXLIGHT_ON pd= ok=1
